{
  "uid" : "362ad7f1659efb26",
  "name" : "TestLogin.test_login",
  "title" : "Test login",
  "time" : {
    "start" : 1492742107117,
    "stop" : 1492742121240,
    "duration" : 14123
  },
  "summary" : {
    "attachments" : 0,
    "steps" : 1
  },
  "failure" : {
    "message" : "WebDriverException: Message: An unknown server-side error occurred while processing the command.\n",
    "stackTrace" : "self = <test.test_home.TestLogin object at 0x000001F947855A58>\naction = <base.action.ElementActions object at 0x000001F9478A7F60>\n\n    def test_login(self, action: ElementActions):\n        L.d('test_login')\n        account = Steps.get_account()\n        action.sleep(3)\n>       action.test_SwipeGuideImages()\n\ntest\\test_home.py:14: \n_ _ _ _ _ _ _ _ _ _ _ _ _ _ _ _ _ _ _ _ _ _ _ _ _ _ _ _ _ _ _ _ _ _ _ _ _ _ _ _\nbase\\action.py:76: in test_SwipeGuideImages\n    self.driver.swipe(self.width * 9 / 10, self.height / 2, self.width / 10, self.height / 2, 1500)\nC:\\Users\\hyh\\AppData\\Local\\Programs\\Python\\Python35\\lib\\site-packages\\appium\\webdriver\\webdriver.py:264: in swipe\n    action.perform()\nC:\\Users\\hyh\\AppData\\Local\\Programs\\Python\\Python35\\lib\\site-packages\\appium\\webdriver\\common\\touch_action.py:94: in perform\n    self._driver.execute(Command.TOUCH_ACTION, params)\nC:\\Users\\hyh\\AppData\\Local\\Programs\\Python\\Python35\\lib\\site-packages\\selenium\\webdriver\\remote\\webdriver.py:249: in execute\n    self.error_handler.check_response(response)\nC:\\Users\\hyh\\AppData\\Local\\Programs\\Python\\Python35\\lib\\site-packages\\appium\\webdriver\\errorhandler.py:29: in check_response\n    raise wde\nC:\\Users\\hyh\\AppData\\Local\\Programs\\Python\\Python35\\lib\\site-packages\\appium\\webdriver\\errorhandler.py:24: in check_response\n    super(MobileErrorHandler, self).check_response(response)\n_ _ _ _ _ _ _ _ _ _ _ _ _ _ _ _ _ _ _ _ _ _ _ _ _ _ _ _ _ _ _ _ _ _ _ _ _ _ _ _\n\nself = <appium.webdriver.errorhandler.MobileErrorHandler object at 0x000001F948149E80>\nresponse = {'status': 500, 'value': '{\"status\":13,\"value\":{\"message\":\"An unknown server-side error occurred while processing the command.\",\"origValue\":\"The swipe did not complete successfully\"},\"sessionId\":\"0404342d-dfb7-4867-a860-9ae0649df015\"}'}\n\n    def check_response(self, response):\n        \"\"\"\n            Checks that a JSON response from the WebDriver does not have an error.\n    \n            :Args:\n             - response - The JSON response from the WebDriver server as a dictionary\n               object.\n    \n            :Raises: If the response contains an error message.\n            \"\"\"\n        status = response.get('status', None)\n        if status is None or status == ErrorCode.SUCCESS:\n            return\n        value = None\n        message = response.get(\"message\", \"\")\n        screen = response.get(\"screen\", \"\")\n        stacktrace = None\n        if isinstance(status, int):\n            value_json = response.get('value', None)\n            if value_json and isinstance(value_json, basestring):\n                import json\n                try:\n                    value = json.loads(value_json)\n                    if len(value.keys()) == 1:\n                        value = value['value']\n                    status = value.get('error', None)\n                    if status is None:\n                        status = value[\"status\"]\n                        message = value[\"value\"]\n                        if not isinstance(message, basestring):\n                            value = message\n                            try:\n                                message = message['message']\n                            except TypeError:\n                                message = None\n                    else:\n                        message = value.get('message', None)\n                except ValueError:\n                    pass\n    \n        exception_class = ErrorInResponseException\n        if status in ErrorCode.NO_SUCH_ELEMENT:\n            exception_class = NoSuchElementException\n        elif status in ErrorCode.NO_SUCH_FRAME:\n            exception_class = NoSuchFrameException\n        elif status in ErrorCode.NO_SUCH_WINDOW:\n            exception_class = NoSuchWindowException\n        elif status in ErrorCode.STALE_ELEMENT_REFERENCE:\n            exception_class = StaleElementReferenceException\n        elif status in ErrorCode.ELEMENT_NOT_VISIBLE:\n            exception_class = ElementNotVisibleException\n        elif status in ErrorCode.INVALID_ELEMENT_STATE:\n            exception_class = InvalidElementStateException\n        elif status in ErrorCode.INVALID_SELECTOR \\\n                or status in ErrorCode.INVALID_XPATH_SELECTOR \\\n                or status in ErrorCode.INVALID_XPATH_SELECTOR_RETURN_TYPER:\n            exception_class = InvalidSelectorException\n        elif status in ErrorCode.ELEMENT_IS_NOT_SELECTABLE:\n            exception_class = ElementNotSelectableException\n        elif status in ErrorCode.INVALID_COOKIE_DOMAIN:\n            exception_class = WebDriverException\n        elif status in ErrorCode.UNABLE_TO_SET_COOKIE:\n            exception_class = WebDriverException\n        elif status in ErrorCode.TIMEOUT:\n            exception_class = TimeoutException\n        elif status in ErrorCode.SCRIPT_TIMEOUT:\n            exception_class = TimeoutException\n        elif status in ErrorCode.UNKNOWN_ERROR:\n            exception_class = WebDriverException\n        elif status in ErrorCode.UNEXPECTED_ALERT_OPEN:\n            exception_class = UnexpectedAlertPresentException\n        elif status in ErrorCode.NO_ALERT_OPEN:\n            exception_class = NoAlertPresentException\n        elif status in ErrorCode.IME_NOT_AVAILABLE:\n            exception_class = ImeNotAvailableException\n        elif status in ErrorCode.IME_ENGINE_ACTIVATION_FAILED:\n            exception_class = ImeActivationFailedException\n        elif status in ErrorCode.MOVE_TARGET_OUT_OF_BOUNDS:\n            exception_class = MoveTargetOutOfBoundsException\n        else:\n            exception_class = WebDriverException\n        if value == '' or value is None:\n            value = response['value']\n        if isinstance(value, basestring):\n            if exception_class == ErrorInResponseException:\n                raise exception_class(response, value)\n            raise exception_class(value)\n        if message == \"\" and 'message' in value:\n            message = value['message']\n    \n        screen = None\n        if 'screen' in value:\n            screen = value['screen']\n    \n        stacktrace = None\n        if 'stackTrace' in value and value['stackTrace']:\n            stacktrace = []\n            try:\n                for frame in value['stackTrace']:\n                    line = self._value_or_default(frame, 'lineNumber', '')\n                    file = self._value_or_default(frame, 'fileName', '<anonymous>')\n                    if line:\n                        file = \"%s:%s\" % (file, line)\n                    meth = self._value_or_default(frame, 'methodName', '<anonymous>')\n                    if 'className' in frame:\n                        meth = \"%s.%s\" % (frame['className'], meth)\n                    msg = \"    at %s (%s)\"\n                    msg = msg % (meth, file)\n                    stacktrace.append(msg)\n            except TypeError:\n                pass\n        if exception_class == ErrorInResponseException:\n            raise exception_class(response, message)\n        elif exception_class == UnexpectedAlertPresentException and 'alert' in value:\n            raise exception_class(message, screen, stacktrace, value['alert'].get('text'))\n>       raise exception_class(message, screen, stacktrace)\nE       selenium.common.exceptions.WebDriverException: Message: An unknown server-side error occurred while processing the command.\n\nC:\\Users\\hyh\\AppData\\Local\\Programs\\Python\\Python35\\lib\\site-packages\\selenium\\webdriver\\remote\\errorhandler.py:193: WebDriverException"
  },
  "description" : null,
  "severity" : "NORMAL",
  "status" : "FAILED",
  "suite" : {
    "uid" : "86131cba4328321",
    "name" : "test.test_home",
    "title" : "Test home"
  },
  "steps" : [ {
    "name" : "获取账号和密码",
    "title" : "获取账号和密码",
    "time" : {
      "start" : 1492742111907,
      "stop" : 1492742111908,
      "duration" : 1
    },
    "summary" : {
      "attachments" : 0,
      "steps" : 0
    },
    "status" : "PASSED",
    "attachments" : [ ],
    "steps" : [ ]
  } ],
  "attachments" : [ ],
  "issues" : [ ],
  "testIds" : [ ],
  "labels" : [ {
    "name" : "thread",
    "value" : "13524-MainThread"
  }, {
    "name" : "host",
    "value" : "DESKTOP-33SMPDQ"
  }, {
    "name" : "suite-title",
    "value" : null
  }, {
    "name" : "suite-name",
    "value" : "test.test_home"
  }, {
    "name" : "severity",
    "value" : "normal"
  } ],
  "parameters" : [ ]
}